<?xml version="1.0" encoding="UTF-8"?>
<beans
	xmlns="http://www.springframework.org/schema/beans"
	xmlns:xsi="http://www.w3.org/2001/XMLSchema-instance"	
	xmlns:mvc="http://www.springframework.org/schema/mvc" 
	xmlns:context="http://www.springframework.org/schema/context"
	xmlns:tx="http://www.springframework.org/schema/tx"
	xmlns:jdbc="http://www.springframework.org/schema/jdbc"
	xmlns:task="http://www.springframework.org/schema/task"
	xmlns:util="http://www.springframework.org/schema/util"
	xsi:schemaLocation="http://www.springframework.org/schema/beans http://www.springframework.org/schema/beans/spring-beans.xsd
		http://www.springframework.org/schema/mvc http://www.springframework.org/schema/mvc/spring-mvc.xsd
		http://www.springframework.org/schema/context http://www.springframework.org/schema/context/spring-context.xsd
		http://www.springframework.org/schema/tx http://www.springframework.org/schema/tx/spring-tx-3.0.xsd
		http://www.springframework.org/schema/jdbc http://www.springframework.org/schema/jdbc/spring-jdbc-3.0.xsd
		http://www.springframework.org/schema/task http://www.springframework.org/schema/task/spring-task-3.0.xsd
		http://www.springframework.org/schema/util http://www.springframework.org/schema/util/spring-util.xsd  
		">

	<!-- Enables the Spring MVC @Service,@Repository,@Component programming model -->
	<context:component-scan base-package="com.wind" use-default-filters="false" > 
		<context:include-filter type="annotation" expression="org.springframework.stereotype.Service" />
        <context:include-filter type="annotation" expression="org.springframework.stereotype.Repository" />
        <context:include-filter type="annotation" expression="org.springframework.stereotype.Component" />
	</context:component-scan>
	
	
	<!-- Property Files -->
	<bean id="systemProperties" class="org.springframework.beans.factory.config.PropertyPlaceholderConfigurer">
	    <property name="location" value="classpath:/system.properties"/>
	</bean>
	<util:properties id="props" location="classpath:/system.properties" />     
	
	
    <!-- -->
    <bean id="dataSourceSpied" class="org.apache.ibatis.datasource.pooled.PooledDataSource" >
        <property name="driver" value="${db.driver}"></property>
        <property name="url" value="${db.url}"></property>
        <property name="username" value="${db.username}"></property>
        <property name="password" value="${db.password}"></property>
        
        <property name="poolMaximumActiveConnections" value="20"/>
        <property name="poolMaximumIdleConnections" value="20"/>
        <property name="poolMaximumCheckoutTime" value="20000"/>
        <property name="poolPingEnabled" value="true"/>
        <property name="poolPingQuery" value="select 1"/>
        <property name="poolPingConnectionsNotUsedFor" value="43200"/>
        <property name="poolTimeToWait" value="30000"/>
    </bean>
    
	<bean id="dataSource" class="net.sf.log4jdbc.sql.jdbcapi.DataSourceSpy">
		<constructor-arg ref="dataSourceSpied" />
	</bean>
    
     
    <bean id="transactionManager"
        class="org.springframework.jdbc.datasource.DataSourceTransactionManager">
        <property name="dataSource" ref="dataSource"></property>
    </bean>
    
    <!-- transaction -->
	<tx:annotation-driven transaction-manager="transactionManager"   />
    
    <bean id="sqlSessionFactory" class="org.mybatis.spring.SqlSessionFactoryBean">
        <property name="dataSource" ref="dataSource"></property>
        <property name="configLocation" value="classpath:/mybatis-config.xml"></property>
        <!-- mybatis mapper auto load -->
        <property name="mapperLocations" value="classpath:/queries/**/*.xml" />
    </bean>
    
    
    <bean id="sqlSession" class="org.mybatis.spring.SqlSessionTemplate" destroy-method="clearCache">
        <constructor-arg ref="sqlSessionFactory"></constructor-arg>
    </bean>
    
    
	
</beans>